INFO:root:Starting Test
INFO:root:['-key', 'baf23025-e96b-4feb-a3d5-ca807746adfb', '-wheel', 'Wheel', '-add', 'Vanifac']
INFO:root:Starting Test
INFO:root:['-key', 'baf23025-e96b-4feb-a3d5-ca807746adfb', '-wheel', 'Wheel', '-add', 'Vanifac']
INFO:root:Starting Test
INFO:root:['-key', 'baf23025-e96b-4feb-a3d5-ca807746adfb', '-wheel', 'Wheel', '-add', 'Vanifac']
INFO:root:Starting
INFO:root:['c:/My Stuff/GitHub Repos/WheelOfStreams/WheelOfStreams.py']
INFO:root:Starting
INFO:root:['c:/My Stuff/GitHub Repos/WheelOfStreams/WheelOfStreams.py']
INFO:root:Starting
INFO:root:['c:/My Stuff/GitHub Repos/WheelOfStreams/WheelOfStreams.py']
INFO:root:Starting
INFO:root:['c:/My Stuff/GitHub Repos/WheelOfStreams/WheelOfStreams.py']
INFO:root:Starting
INFO:root:['c:/My Stuff/GitHub Repos/WheelOfStreams/WheelOfStreams.py']
INFO:root:Starting Test
INFO:root:['-key', 'baf23025-e96b-4feb-a3d5-ca807746adfb', '-wheel', 'Wheel', '-add', 'Vanifac']
INFO:root:Starting Test
INFO:root:['-key', 'baf23025-e96b-4feb-a3d5-ca807746adfb', '-wheel', 'Wheel', '-add', 'Vanifac']
INFO:root:Starting Test
INFO:root:['-key', 'baf23025-e96b-4feb-a3d5-ca807746adfb', '-wheel', 'Wheel', '-add', 'Vanifac']
INFO:root:Starting Test
INFO:root:['-key', 'baf23025-e96b-4feb-a3d5-ca807746adfb', '-wheel', 'Wheel', '-add', 'Vanifac']
INFO:root:Starting Test
INFO:root:['-key', 'baf23025-e96b-4feb-a3d5-ca807746adfb', '-wheel', 'Wheel', '-add', 'Vanifac']
INFO:root:Starting Test
INFO:root:['-key', 'baf23025-e96b-4feb-a3d5-ca807746adfb', '-wheel', 'Wheel', '-add', 'Vanifac']
INFO:root:Starting Test
INFO:root:['-key', 'baf23025-e96b-4feb-a3d5-ca807746adfb', '-wheel', 'Wheel', '-add', 'Vanifac']
INFO:root:Starting Test
INFO:root:['-key', 'baf23025-e96b-4feb-a3d5-ca807746adfb', '-wheel', 'Wheel', '-add', 'Vanifac']
INFO:root:Starting
INFO:root:['C:\\My Stuff\\GitHub Repos\\WheelOfStreams\\dist\\WheelOfStreams.exe', '-key', 'baf23025-e96b-4feb-a3d5-ca807746adfb', '-wheel', 'Wheel', '-add', 'ajtheretrogamer']
INFO:root:Starting
INFO:root:['c:/My Stuff/GitHub Repos/WheelOfStreams/WheelOfStreams.py']
INFO:root:Starting
INFO:root:['C:\\My Stuff\\GitHub Repos\\WheelOfStreams\\dist\\WheelOfStreams.exe', '-key', 'baf23025-e96b-4feb-a3d5-ca807746adfb', '-wheel', 'Wheel', '-add', 'megasalx']
INFO:root:Starting
INFO:root:['C:\\My Stuff\\GitHub Repos\\WheelOfStreams\\dist\\WheelOfStreams.exe', '-key', 'baf23025-e96b-4feb-a3d5-ca807746adfb', '-wheel', 'Wheel', '-add', 'iaia_iaia_']
INFO:root:Starting
INFO:root:['C:\\My Stuff\\GitHub Repos\\WheelOfStreams\\dist\\WheelOfStreams.exe', '-key', 'baf23025-e96b-4feb-a3d5-ca807746adfb', '-wheel', 'Wheel', '-add', 'tarsai']
INFO:root:Starting
INFO:root:['C:\\My Stuff\\GitHub Repos\\WheelOfStreams\\dist\\WheelOfStreams.exe', '-key', 'baf23025-e96b-4feb-a3d5-ca807746adfb', '-wheel', 'Wheel', '-add', 'chromziereigns']
INFO:root:Starting
INFO:root:['c:/My Stuff/GitHub Repos/WheelOfStreams/WheelOfStreams.py']
INFO:root:Starting Test
INFO:root:['-key', 'baf23025-e96b-4feb-a3d5-ca807746adfb', '-wheel', 'Wheel', '-add', 'Vanifac']
INFO:root:Starting Test
INFO:root:['-key', 'baf23025-e96b-4feb-a3d5-ca807746adfb', '-wheel', 'Wheel', '-add', 'Vanifac']
INFO:root:Starting Test
INFO:root:['-key', 'baf23025-e96b-4feb-a3d5-ca807746adfb', '-wheel', 'Wheel', '-add', 'Vanifac']
INFO:root:Found wheel: {wheel_name}
INFO:root:Starting Test
INFO:root:['-key', 'baf23025-e96b-4feb-a3d5-ca807746adfb', '-wheel', 'Wheel', '-add', 'Vanifac']
INFO:root:Found wheel: Wheel
INFO:root:Starting Test
INFO:root:['-key', 'baf23025-e96b-4feb-a3d5-ca807746adfb', '-wheel', 'Wheel', '-add', 'Vanifac']
INFO:root:Found wheel: Wheel
INFO:root:Adding entry to Vanifac
INFO:root:Starting Test
INFO:root:['-key', 'baf23025-e96b-4feb-a3d5-ca807746adfb', '-wheel', 'Wheel', '-add', 'Vanifac']
INFO:root:Found wheel: Wheel
INFO:root:Adding entry to Vanifac
INFO:root:Starting
INFO:root:['C:\\My Stuff\\GitHub Repos\\WheelOfStreams\\dist\\WheelOfStreams.exe', '-key', 'baf23025-e96b-4feb-a3d5-ca807746adfb', '-wheel', 'Wheel', '-add', 'g2245030']
INFO:root:Found wheel: Wheel
INFO:root:Adding entry to g2245030
INFO:root:Starting
INFO:root:['C:\\My Stuff\\GitHub Repos\\WheelOfStreams\\dist\\WheelOfStreams.exe', '-key', 'baf23025-e96b-4feb-a3d5-ca807746adfb', '-wheel', 'Wheel', '-add', 'strwburys']
INFO:root:Found wheel: Wheel
INFO:root:Adding entry to strwburys
INFO:root:Starting
INFO:root:['C:\\My Stuff\\GitHub Repos\\WheelOfStreams\\dist\\WheelOfStreams.exe', '-key', 'baf23025-e96b-4feb-a3d5-ca807746adfb', '-wheel', 'Wheel', '-add', 'kim4theday']
INFO:root:Found wheel: Wheel
INFO:root:Adding entry to kim4theday
INFO:root:Starting
INFO:root:['C:\\My Stuff\\GitHub Repos\\WheelOfStreams\\dist\\WheelOfStreams.exe', '-key', 'baf23025-e96b-4feb-a3d5-ca807746adfb', '-wheel', 'Wheel', '-add', 'tastyturboturnip']
INFO:root:Found wheel: Wheel
INFO:root:Adding entry to tastyturboturnip
INFO:root:Starting
INFO:root:['C:\\My Stuff\\GitHub Repos\\WheelOfStreams\\dist\\WheelOfStreams.exe', '-key', 'baf23025-e96b-4feb-a3d5-ca807746adfb', '-wheel', 'Wheel', '-add', 'praetour']
INFO:root:Found wheel: Wheel
INFO:root:Adding entry to praetour
INFO:root:Starting
INFO:root:['C:\\My Stuff\\GitHub Repos\\WheelOfStreams\\dist\\WheelOfStreams.exe', '-key', 'baf23025-e96b-4feb-a3d5-ca807746adfb', '-wheel', 'Wheel', '-add', 'stoveweiser']
INFO:root:Found wheel: Wheel
INFO:root:Adding entry to stoveweiser
INFO:root:Starting
INFO:root:['C:\\My Stuff\\GitHub Repos\\WheelOfStreams\\dist\\WheelOfStreams.exe', '-key', 'baf23025-e96b-4feb-a3d5-ca807746adfb', '-wheel', 'Wheel', '-add', 'devi1wearsnada']
INFO:root:Found wheel: Wheel
INFO:root:Adding entry to devi1wearsnada
INFO:root:Starting
INFO:root:['C:\\My Stuff\\GitHub Repos\\WheelOfStreams\\dist\\WheelOfStreams.exe', '-key', 'baf23025-e96b-4feb-a3d5-ca807746adfb', '-wheel', 'Wheel', '-add', 'rodorigesuuu']
INFO:root:Found wheel: Wheel
INFO:root:Adding entry to rodorigesuuu
INFO:root:Starting
INFO:root:['C:\\My Stuff\\GitHub Repos\\WheelOfStreams\\dist\\WheelOfStreams.exe', '-key', 'baf23025-e96b-4feb-a3d5-ca807746adfb', '-wheel', 'Wheel', '-add', 'avqty']
INFO:root:Found wheel: Wheel
INFO:root:Adding entry to avqty
INFO:root:Starting
INFO:root:['C:\\My Stuff\\GitHub Repos\\WheelOfStreams\\dist\\WheelOfStreams.exe', '-key', 'baf23025-e96b-4feb-a3d5-ca807746adfb', '-wheel', 'Wheel', '-add', 'meatboxlive']
INFO:root:Found wheel: Wheel
INFO:root:Adding entry to meatboxlive
INFO:root:Starting
INFO:root:['C:\\My Stuff\\GitHub Repos\\WheelOfStreams\\dist\\WheelOfStreams.exe', '-key', 'baf23025-e96b-4feb-a3d5-ca807746adfb', '-wheel', 'Wheel', '-add', 'chubbyduck05']
INFO:root:Found wheel: Wheel
INFO:root:Adding entry to chubbyduck05
INFO:root:Starting
INFO:root:['C:\\My Stuff\\GitHub Repos\\WheelOfStreams\\dist\\WheelOfStreams.exe', '-key', 'baf23025-e96b-4feb-a3d5-ca807746adfb', '-wheel', 'Wheel', '-add', 'ghouly']
INFO:root:Found wheel: Wheel
INFO:root:Adding entry to ghouly
INFO:root:Starting
INFO:root:['C:\\My Stuff\\GitHub Repos\\WheelOfStreams\\dist\\WheelOfStreams.exe', '-key', 'baf23025-e96b-4feb-a3d5-ca807746adfb', '-wheel', 'Wheel', '-add', 'j0sh3r5']
INFO:root:Found wheel: Wheel
INFO:root:Adding entry to j0sh3r5
INFO:root:Starting
INFO:root:['C:\\My Stuff\\GitHub Repos\\WheelOfStreams\\dist\\WheelOfStreams.exe', '-key', 'baf23025-e96b-4feb-a3d5-ca807746adfb', '-wheel', 'Wheel', '-add', 'kehoeeee']
INFO:root:Found wheel: Wheel
INFO:root:Adding entry to kehoeeee
INFO:root:Starting
INFO:root:['C:\\My Stuff\\GitHub Repos\\WheelOfStreams\\dist\\WheelOfStreams.exe', '-key', 'baf23025-e96b-4feb-a3d5-ca807746adfb', '-wheel', 'Wheel', '-add', 'flukyrobot']
INFO:root:Found wheel: Wheel
INFO:root:Adding entry to flukyrobot
INFO:root:Starting
INFO:root:['C:\\My Stuff\\GitHub Repos\\WheelOfStreams\\dist\\WheelOfStreams.exe', '-key', 'baf23025-e96b-4feb-a3d5-ca807746adfb', '-wheel', 'Wheel', '-add', 'darenenski']
INFO:root:Found wheel: Wheel
INFO:root:Adding entry to darenenski
INFO:root:Starting
INFO:root:['C:\\My Stuff\\GitHub Repos\\WheelOfStreams\\dist\\WheelOfStreams.exe', '-key', 'baf23025-e96b-4feb-a3d5-ca807746adfb', '-wheel', 'Wheel', '-add', 'reguba']
INFO:root:Found wheel: Wheel
INFO:root:Adding entry to reguba
INFO:root:Starting
INFO:root:['C:\\My Stuff\\GitHub Repos\\WheelOfStreams\\dist\\WheelOfStreams.exe', '-key', 'baf23025-e96b-4feb-a3d5-ca807746adfb', '-wheel', 'Wheel', '-add', 'zkirting']
INFO:root:Found wheel: Wheel
INFO:root:Adding entry to zkirting
INFO:root:Starting
INFO:root:['C:\\My Stuff\\GitHub Repos\\WheelOfStreams\\dist\\WheelOfStreams.exe', '-key', 'baf23025-e96b-4feb-a3d5-ca807746adfb', '-wheel', 'Wheel', '-add', 'thatguy_quan']
INFO:root:Found wheel: Wheel
INFO:root:Adding entry to thatguy_quan
INFO:root:Starting
INFO:root:['C:\\My Stuff\\GitHub Repos\\WheelOfStreams\\dist\\WheelOfStreams.exe', '-key', 'baf23025-e96b-4feb-a3d5-ca807746adfb', '-wheel', 'Wheel', '-add', 'dexiswatchingyourstream']
INFO:root:Found wheel: Wheel
INFO:root:Adding entry to dexiswatchingyourstream
INFO:root:Starting
INFO:root:['C:\\My Stuff\\GitHub Repos\\WheelOfStreams\\dist\\WheelOfStreams.exe', '-key', 'baf23025-e96b-4feb-a3d5-ca807746adfb', '-wheel', 'Wheel', '-add', 'dustinhawker']
INFO:root:Found wheel: Wheel
INFO:root:Adding entry to dustinhawker
INFO:root:Starting
INFO:root:['C:\\My Stuff\\GitHub Repos\\WheelOfStreams\\dist\\WheelOfStreams.exe', '-key', 'baf23025-e96b-4feb-a3d5-ca807746adfb', '-wheel', 'Wheel', '-add', 'bungsterflungster']
INFO:root:Found wheel: Wheel
INFO:root:Adding entry to bungsterflungster
